c:\visionin_libs\build\nx_build\metadata_sdk\samples\plugin_onnx_tensorrt_ly\build\vfd_tensorrt_analytics_plugin.dir\release\engine.obj
c:\visionin_libs\build\nx_build\metadata_sdk\samples\plugin_onnx_tensorrt_ly\build\vfd_tensorrt_analytics_plugin.dir\release\device_agent.obj
c:\visionin_libs\build\nx_build\metadata_sdk\samples\plugin_onnx_tensorrt_ly\build\vfd_tensorrt_analytics_plugin.dir\release\object_tracker_utils.obj
c:\visionin_libs\build\nx_build\metadata_sdk\samples\plugin_onnx_tensorrt_ly\build\vfd_tensorrt_analytics_plugin.dir\release\object_tracker.obj
c:\visionin_libs\build\nx_build\metadata_sdk\samples\plugin_onnx_tensorrt_ly\build\vfd_tensorrt_analytics_plugin.dir\release\object_detector.obj
c:\visionin_libs\build\nx_build\metadata_sdk\samples\plugin_onnx_tensorrt_ly\build\vfd_tensorrt_analytics_plugin.dir\release\plugin.obj
c:\visionin_libs\build\nx_build\metadata_sdk\samples\plugin_onnx_tensorrt_ly\build\vfd_tensorrt_analytics_plugin.dir\release\detection.obj
c:\visionin_libs\build\nx_build\metadata_sdk\samples\plugin_onnx_tensorrt_ly\build\cmakefiles\generate.stamp
c:\visionin_libs\build\nx_build\metadata_sdk\samples\plugin_onnx_tensorrt_ly\build\release\vfd_tensorrt_analytics_plugin.dll
c:\visionin_libs\build\nx_build\metadata_sdk\samples\plugin_onnx_tensorrt_ly\build\release\vfd_tensorrt_analytics_plugin.lib
c:\visionin_libs\build\nx_build\metadata_sdk\samples\plugin_onnx_tensorrt_ly\build\release\vfd_tensorrt_analytics_plugin.exp
c:\visionin_libs\build\nx_build\metadata_sdk\samples\plugin_onnx_tensorrt_ly\build\vfd_tensorrt_analytics_plugin.dir\release\vfd_tens.4da3961b.tlog\cl.12028.write.1.tlog
c:\visionin_libs\build\nx_build\metadata_sdk\samples\plugin_onnx_tensorrt_ly\build\vfd_tensorrt_analytics_plugin.dir\release\vfd_tens.4da3961b.tlog\cl.command.1.tlog
c:\visionin_libs\build\nx_build\metadata_sdk\samples\plugin_onnx_tensorrt_ly\build\vfd_tensorrt_analytics_plugin.dir\release\vfd_tens.4da3961b.tlog\cl.read.1.tlog
c:\visionin_libs\build\nx_build\metadata_sdk\samples\plugin_onnx_tensorrt_ly\build\vfd_tensorrt_analytics_plugin.dir\release\vfd_tens.4da3961b.tlog\custombuild.command.1.tlog
c:\visionin_libs\build\nx_build\metadata_sdk\samples\plugin_onnx_tensorrt_ly\build\vfd_tensorrt_analytics_plugin.dir\release\vfd_tens.4da3961b.tlog\custombuild.read.1.tlog
c:\visionin_libs\build\nx_build\metadata_sdk\samples\plugin_onnx_tensorrt_ly\build\vfd_tensorrt_analytics_plugin.dir\release\vfd_tens.4da3961b.tlog\custombuild.write.1.tlog
c:\visionin_libs\build\nx_build\metadata_sdk\samples\plugin_onnx_tensorrt_ly\build\vfd_tensorrt_analytics_plugin.dir\release\vfd_tens.4da3961b.tlog\link.command.1.tlog
c:\visionin_libs\build\nx_build\metadata_sdk\samples\plugin_onnx_tensorrt_ly\build\vfd_tensorrt_analytics_plugin.dir\release\vfd_tens.4da3961b.tlog\link.read.1.tlog
c:\visionin_libs\build\nx_build\metadata_sdk\samples\plugin_onnx_tensorrt_ly\build\vfd_tensorrt_analytics_plugin.dir\release\vfd_tens.4da3961b.tlog\link.write.1.tlog
c:\visionin_libs\build\nx_build\metadata_sdk\samples\plugin_onnx_tensorrt_ly\build\vfd_tensorrt_analytics_plugin.dir\release\vfd_tens.4da3961b.tlog\vfd_tensorrt_analytics_plugin.write.1u.tlog
