c:\visionin_libs\build\nx_build\metadata_sdk\samples\plugin_onnx_tensorrt_ly\build\nx_sdk.dir\release\object_track_best_shot_packet.obj
c:\visionin_libs\build\nx_build\metadata_sdk\samples\plugin_onnx_tensorrt_ly\build\nx_sdk.dir\release\metadata_types.obj
c:\visionin_libs\build\nx_build\metadata_sdk\samples\plugin_onnx_tensorrt_ly\build\nx_sdk.dir\release\event_metadata_packet.obj
c:\visionin_libs\build\nx_build\metadata_sdk\samples\plugin_onnx_tensorrt_ly\build\nx_sdk.dir\release\plugin.obj
c:\visionin_libs\build\nx_build\metadata_sdk\samples\plugin_onnx_tensorrt_ly\build\nx_sdk.dir\release\engine_info.obj
c:\visionin_libs\build\nx_build\metadata_sdk\samples\plugin_onnx_tensorrt_ly\build\nx_sdk.dir\release\settings_response.obj
c:\visionin_libs\build\nx_build\metadata_sdk\samples\plugin_onnx_tensorrt_ly\build\nx_sdk.dir\release\device_info.obj
c:\visionin_libs\build\nx_build\metadata_sdk\samples\plugin_onnx_tensorrt_ly\build\nx_sdk.dir\release\string_list.obj
c:\visionin_libs\build\nx_build\metadata_sdk\samples\plugin_onnx_tensorrt_ly\build\nx_sdk.dir\release\timestamped_object_metadata.obj
c:\visionin_libs\build\nx_build\metadata_sdk\samples\plugin_onnx_tensorrt_ly\build\nx_sdk.dir\release\pixel_format.obj
c:\visionin_libs\build\nx_build\metadata_sdk\samples\plugin_onnx_tensorrt_ly\build\nx_sdk.dir\release\uuid_helper.obj
c:\visionin_libs\build\nx_build\metadata_sdk\samples\plugin_onnx_tensorrt_ly\build\nx_sdk.dir\release\plugin_diagnostic_event.obj
c:\visionin_libs\build\nx_build\metadata_sdk\samples\plugin_onnx_tensorrt_ly\build\nx_sdk.dir\release\attribute.obj
c:\visionin_libs\build\nx_build\metadata_sdk\samples\plugin_onnx_tensorrt_ly\build\nx_sdk.dir\release\string.obj
c:\visionin_libs\build\nx_build\metadata_sdk\samples\plugin_onnx_tensorrt_ly\build\nx_sdk.dir\release\log_utils.obj
c:\visionin_libs\build\nx_build\metadata_sdk\samples\plugin_onnx_tensorrt_ly\build\nx_sdk.dir\release\object_track_info.obj
c:\visionin_libs\build\nx_build\metadata_sdk\samples\plugin_onnx_tensorrt_ly\build\nx_sdk.dir\release\event_metadata.obj
c:\visionin_libs\build\nx_build\metadata_sdk\samples\plugin_onnx_tensorrt_ly\build\nx_sdk.dir\release\object_metadata.obj
c:\visionin_libs\build\nx_build\metadata_sdk\samples\plugin_onnx_tensorrt_ly\build\nx_sdk.dir\release\to_string.obj
c:\visionin_libs\build\nx_build\metadata_sdk\samples\plugin_onnx_tensorrt_ly\build\nx_sdk.dir\release\error.obj
c:\visionin_libs\build\nx_build\metadata_sdk\samples\plugin_onnx_tensorrt_ly\build\nx_sdk.dir\release\media_stream_statistics.obj
c:\visionin_libs\build\nx_build\metadata_sdk\samples\plugin_onnx_tensorrt_ly\build\nx_sdk.dir\release\string_map.obj
c:\visionin_libs\build\nx_build\metadata_sdk\samples\plugin_onnx_tensorrt_ly\build\nx_sdk.dir\release\consuming_device_agent.obj
c:\visionin_libs\build\nx_build\metadata_sdk\samples\plugin_onnx_tensorrt_ly\build\nx_sdk.dir\release\object_metadata_packet.obj
c:\visionin_libs\build\nx_build\metadata_sdk\samples\plugin_onnx_tensorrt_ly\build\nx_sdk.dir\release\lib_context.obj
c:\visionin_libs\build\nx_build\metadata_sdk\samples\plugin_onnx_tensorrt_ly\build\nx_sdk.dir\release\engine.obj
c:\visionin_libs\build\nx_build\metadata_sdk\samples\plugin_onnx_tensorrt_ly\build\cmakefiles\generate.stamp
c:\visionin_libs\build\nx_build\metadata_sdk\samples\plugin_onnx_tensorrt_ly\build\release\nx_sdk.lib
c:\visionin_libs\build\nx_build\metadata_sdk\samples\plugin_onnx_tensorrt_ly\build\nx_sdk.dir\release\nx_sdk.tlog\cl.12824.write.1.tlog
c:\visionin_libs\build\nx_build\metadata_sdk\samples\plugin_onnx_tensorrt_ly\build\nx_sdk.dir\release\nx_sdk.tlog\cl.command.1.tlog
c:\visionin_libs\build\nx_build\metadata_sdk\samples\plugin_onnx_tensorrt_ly\build\nx_sdk.dir\release\nx_sdk.tlog\cl.read.1.tlog
c:\visionin_libs\build\nx_build\metadata_sdk\samples\plugin_onnx_tensorrt_ly\build\nx_sdk.dir\release\nx_sdk.tlog\custombuild.command.1.tlog
c:\visionin_libs\build\nx_build\metadata_sdk\samples\plugin_onnx_tensorrt_ly\build\nx_sdk.dir\release\nx_sdk.tlog\custombuild.read.1.tlog
c:\visionin_libs\build\nx_build\metadata_sdk\samples\plugin_onnx_tensorrt_ly\build\nx_sdk.dir\release\nx_sdk.tlog\custombuild.write.1.tlog
c:\visionin_libs\build\nx_build\metadata_sdk\samples\plugin_onnx_tensorrt_ly\build\nx_sdk.dir\release\nx_sdk.tlog\lib-link.read.1.tlog
c:\visionin_libs\build\nx_build\metadata_sdk\samples\plugin_onnx_tensorrt_ly\build\nx_sdk.dir\release\nx_sdk.tlog\lib-link.write.1.tlog
c:\visionin_libs\build\nx_build\metadata_sdk\samples\plugin_onnx_tensorrt_ly\build\nx_sdk.dir\release\nx_sdk.tlog\lib.command.1.tlog
